android/app/build/intermediates/manifest_merge_blame_file/debug/processDebugMainManifest/manifest-merger-blame-debug-report.txt
1<?xml version="1.0" encoding="utf-8"?>
2<manifest xmlns:android="http://schemas.android.com/apk/res/android"
3    package="com.ashkanghaderi.flashcards"
4    android:versionCode="1"
5    android:versionName="1.0" >
6
7    <uses-sdk
8        android:minSdkVersion="26"
9        android:targetSdkVersion="36" />
10
11    <application
11-->src/main/AndroidManifest.xml:3:5-15:19
12        android:debuggable="true"
13        android:extractNativeLibs="false"
14        android:label="Flashcards"
14-->src/main/AndroidManifest.xml:4:9-35
15        android:theme="@style/Theme.Flashcards" >
15-->src/main/AndroidManifest.xml:5:9-48
16        <activity
16-->src/main/AndroidManifest.xml:6:9-13:20
17            android:name="com.ashkanghaderi.flashcards.MainActivity"
17-->src/main/AndroidManifest.xml:7:13-41
18            android:exported="true" >
18-->src/main/AndroidManifest.xml:8:13-36
19            <intent-filter>
19-->src/main/AndroidManifest.xml:9:13-12:29
20                <action android:name="android.intent.action.MAIN" />
20-->src/main/AndroidManifest.xml:10:17-69
20-->src/main/AndroidManifest.xml:10:25-66
21
22                <category android:name="android.intent.category.LAUNCHER" />
22-->src/main/AndroidManifest.xml:11:17-77
22-->src/main/AndroidManifest.xml:11:27-74
23            </intent-filter>
24        </activity>
25        <activity
25-->src/main/AndroidManifest.xml:14:9-76
26            android:name="com.ashkanghaderi.flashcards.ReviewActivity"
26-->src/main/AndroidManifest.xml:14:19-49
27            android:exported="true" />
27-->src/main/AndroidManifest.xml:14:50-73
28    </application>
29
30</manifest>